<?xml version="1.0" encoding="UTF-8"?><testsuite name="nosetests" tests="26" errors="1" failures="0" skip="0"><testcase classname="xcpy.reportApi.report_cases.Test_Report" name="test_001_channelinfo_install_top5_byhour" time="0.465"><system-out><![CDATA[[Start] @ 2017-08-31 17:36:25.597395
{"val":[],"help":[""],"reportname":["channelinfo_install_top5_byhour"],"name":[],"column":["小时"],"key":["0","1","2","3","4","5","6","7","8","9","10","11","12","13","14","15","16","17","18","19","20","21","22","23"],"desc":["来源分析>>渠道效果对比>>激活趋势TOP5"]}
[End] @ 2017-08-31 17:36:26.061178
]]></system-out></testcase><testcase classname="xcpy.reportApi.report_cases.Test_Report" name="test_002_realtime_payer" time="0.305"><system-out><![CDATA[[Start] @ 2017-08-31 17:36:26.062285
{"val":[[0,0,0,0,0,0,0,0,0,0,0,1,0,0,0,0,0,0,0,0,0,0,0,0],[0,0,0,0,0,0,0,0,0,0,0,0,0,0,0,0,0,0,0,0,0,0,0,0]],"help":[""],"reportname":["realtime_payer"],"name":["今日","昨日"],"column":["小时"],"key":["0","1","2","3","4","5","6","7","8","9","10","11","12","13","14","15","16","17","18","19","20","21","22","23"],"desc":["实时>>实时点击量"]}
[End] @ 2017-08-31 17:36:26.367090
]]></system-out></testcase><testcase classname="xcpy.reportApi.report_cases.Test_Report" name="test_003_install_byhour" time="0.512"><system-out><![CDATA[[Start] @ 2017-08-31 17:36:26.368082
{"val":[[0,0,0,0,0,0,0,0,0,0,0,0,0,0,0,0,0,0,0,0,0,0,0,0],[0,0,0,0,0,0,0,0,0,0,0,1,0,0,0,0,0,0,0,0,0,0,0,0]],"help":[""],"reportname":["install_byhour"],"name":["推广量","自然量"],"column":["小时"],"key":["0","1","2","3","4","5","6","7","8","9","10","11","12","13","14","15","16","17","18","19","20","21","22","23"],"dealtype":["sum"],"desc":["仪表盘>>激活量趋势（按小时）"]}
[End] @ 2017-08-31 17:36:26.879957
]]></system-out></testcase><testcase classname="xcpy.reportApi.report_cases.Test_Report" name="test_004_campaigninfo_bypackagecampaign" time="0.309"><system-out><![CDATA[[Start] @ 2017-08-31 17:36:26.880908
{"val":[[13,13,5,3,1,0],[13,13,5,3,1,0],[1,3,1,0,0,0],[0,1,3,0,0,72]],"help":[""],"reportname":["campaigninfo_bypackagecampaign"],"name":["num_click_total","num_click","dupnum_click_all","num_install"],"column":["推广活动"],"key":["cc145dd0f70f334329f46bc277102b21","5a281d1af2e39b377cf8d8e6ef2a7519","71aa5223150f9e8275bd398c37eadd2d","ef01c77635ebb4cf963c55faf5c548a8","7484bcb58390a7266254c295e1a05cf7","_default_"],"desc":["来源分析>>分包推广活动详情"]}
[End] @ 2017-08-31 17:36:27.189381
]]></system-out></testcase><testcase classname="xcpy.reportApi.report_cases.Test_Report" name="test_005_campaigninfo_bysubpackagecampaign" time="0.618"><system-out><![CDATA[[Start] @ 2017-08-31 17:36:27.190324
{"val":[[],[],[],[],[]],"help":[""],"reportname":["campaigninfo_bysubpackagecampaign"],"name":["点击总数","有效点击总数","排重点击数","排重激活设备数","激活率"],"column":["推广活动"],"key":[],"desc":["来源分析>>分包推广活动详情>>子活动"]}
[End] @ 2017-08-31 17:36:27.807718
]]></system-out></testcase><testcase classname="xcpy.reportApi.report_cases.Test_Report" name="test_006_roi_bychannel" time="0.610"><system-out><![CDATA[[Start] @ 2017-08-31 17:36:27.808632
{"val":[[0,17,32,13,9,1],[0,7,8,4,1,1],[0,1,2,3,0,0],[53,0,12,0,1,0],[103,0,14,1,1,0],[24,0,11,0,1,0],[701742.00,0.00,5118.00,0.00,200.00,0.00],[6813.03,0.00,365.57,0.00,200.00,0.00],[29239.25,0.00,465.27,0.00,200.00,0.00],[23.30,0.00,78.57,0.00,100.00,0.00]],"help":[""],"reportname":["roi_bychannel"],"name":["点击总数","按天排重点击数","排重点击数","排重注册设备数","排重激活设备数","付费设备数","注收比付费","arpu","arppu","付费率"],"column":["渠道"],"key":["-1","501","2516","2586","5782","5839"],"desc":["来源分析>>推广活动详情>>百度关键词"]}
[End] @ 2017-08-31 17:36:28.418176
]]></system-out></testcase><testcase classname="xcpy.reportApi.report_cases.Test_Report" name="test_007_channelinfo_base_top5_bychannel" time="0.306"><system-out><![CDATA[[Start] @ 2017-08-31 17:36:28.419135
{"val":[[17,13,5],[0,1,3],[0.00,0.00,400.00]],"help":[""],"reportname":["channelinfo_base_top5_bychannel"],"name":["点击量","激活量","收入"],"column":["渠道"],"key":["501","2586","2516"],"desc":["来源分析>>渠道效果对比>>基础数据top5（有实时）"]}
[End] @ 2017-08-31 17:36:28.724586
]]></system-out></testcase><testcase classname="xcpy.reportApi.report_cases.Test_Report" name="test_008_channelincome_top10_bychannel" time="0.612"><system-out><![CDATA[[Start] @ 2017-08-31 17:36:28.725237
{"val":[[400.00,0.00,0.00]],"help":[""],"reportname":["channelincome_top10_bychannel"],"name":["收入"],"column":["渠道"],"key":["2516","2586","501"],"desc":["仪表盘>>渠道收入top10"]}
[End] @ 2017-08-31 17:36:29.336774
]]></system-out></testcase><testcase classname="xcpy.reportApi.report_cases.Test_Report" name="test_009_retention_dau_dau_byds" time="0.621"><system-out><![CDATA[[Start] @ 2017-08-31 17:36:29.337628
{"val":[[0,0,4,0,0,0,0,0,0,0,0,1,1,0,0,0,0,0,0,0,0,0,0,0,0,0,0,1,0,0,0,0,0,0,0,0,0,1,0,0,0,0,0,0,1,6,1,0,0,0,0,1,3,3,3,3,0,0,3],[0,0,0,0,0,0,0,0,0,0,0,1,0,0,0,0,0,0,0,0,0,0,0,0,0,0,0,0,0,0,0,0,0,0,0,0,0,0,0,0,0,0,0,0,1,1,0,0,0,0,0,0,3,3,3,0,0,0,0],[0,0,0,0,0,0,0,0,0,0,0,0,0,0,0,0,0,0,0,0,0,0,0,0,0,0,0,0,0,0,0,0,0,0,0,0,0,0,0,0,0,0,0,0,1,0,0,0,0,0,0,0,3,3,0,0,0,0,0],[0,0,0,0,0,0,0,0,0,0,0,0,0,0,0,0,0,0,0,0,0,0,0,0,0,0,0,0,0,0,0,0,0,0,0,0,0,0,0,0,0,0,0,0,0,0,0,0,0,0,0,0,3,0,0,3,0,0,0],[0,0,0,0,0,0,0,0,0,0,0,0,0,0,0,0,0,0,0,0,0,0,0,0,0,0,0,0,0,0,0,0,0,0,0,0,0,0,0,0,0,0,0,0,0,0,0,0,0,0,0,0,0,0,3,0,0,0,0],[0,0,0,0,0,0,0,0,0,0,0,0,0,0,0,0,0,0,0,0,0,0,0,0,0,0,0,0,0,0,0,0,0,0,0,0,0,0,0,0,0,0,0,0,0,0,0,0,0,0,0,0,0,3,0,0,0,0,0],[0,0,0,0,0,0,0,0,0,0,0,0,0,0,0,0,0,0,0,0,0,0,0,0,0,0,0,0,0,0,0,0,0,0,0,0,0,0,0,0,0,0,0,0,0,1,0,0,0,0,0,0,3,0,0,0,0,0,0],[0,0,0,0,0,0,0,0,0,0,0,0,0,0,0,0,0,0,0,0,0,0,0,0,0,0,0,0,0,0,0,0,0,0,0,0,0,1,0,0,0,0,0,0,0,0,0,0,0,0,0,0,0,0,0,0,0,0,0],[0,0,0,0,0,0,0,0,0,0,0,0,0,0,0,0,0,0,0,0,0,0,0,0,0,0,0,0,0,0,0,0,0,0,0,0,0,0,0,0,0,0,0,0,0,1,0,0,0,0,0,0,0,0,0,0,0,0,0],[0,0,0,0,0,0,0,0,0,0,0,0,0,0,0,0,0,0,0,0,0,0,0,0,0,0,0,0,0,0,0,0,0,0,0,0,0,0,0,0,0,0,0,0,0,0,0,0,0,0,0,0,0,0,0,0,0,0,0]],"help":[""],"reportname":["retention_dau_dau_byds"],"name":["初始人数","1日后","2日后","3日后","4日后","5日后","6日后","7日后","14日后","30日后"],"column":["日期"],"key":["2017-07-01","2017-07-02","2017-07-03","2017-07-04","2017-07-05","2017-07-06","2017-07-07","2017-07-08","2017-07-09","2017-07-10","2017-07-11","2017-07-12","2017-07-13","2017-07-14","2017-07-15","2017-07-16","2017-07-17","2017-07-18","2017-07-19","2017-07-20","2017-07-21","2017-07-22","2017-07-23","2017-07-24","2017-07-25","2017-07-26","2017-07-27","2017-07-28","2017-07-29","2017-07-30","2017-07-31","2017-08-01","2017-08-02","2017-08-03","2017-08-04","2017-08-05","2017-08-06","2017-08-07","2017-08-08","2017-08-09","2017-08-10","2017-08-11","2017-08-12","2017-08-13","2017-08-14","2017-08-15","2017-08-16","2017-08-17","2017-08-18","2017-08-19","2017-08-20","2017-08-21","2017-08-22","2017-08-23","2017-08-24","2017-08-25","2017-08-26","2017-08-27","2017-08-28"],"desc":["活跃活跃日留存"]}
[End] @ 2017-08-31 17:36:29.958388
]]></system-out></testcase><testcase classname="xcpy.reportApi.report_cases.Test_Report" name="test_010_realtime_dau" time="0.506"><system-out><![CDATA[[Start] @ 2017-08-31 17:36:29.959471
{"val":[[0,0,0,0,0,0,0,0,0,0,0,1,0,0,0,0,0,0,0,0,0,0,0,0],[0,0,0,0,0,0,0,0,0,0,0,0,0,0,0,0,0,0,0,0,0,0,0,0]],"help":[""],"reportname":["realtime_dau"],"name":["今日","昨日"],"column":["小时"],"key":["0","1","2","3","4","5","6","7","8","9","10","11","12","13","14","15","16","17","18","19","20","21","22","23"],"desc":["实时>>实时点击量"]}
[End] @ 2017-08-31 17:36:30.464978
]]></system-out></testcase><testcase classname="xcpy.reportApi.report_cases.Test_Report" name="test_011_realtime_dupclick" time="0.715"><system-out><![CDATA[[Start] @ 2017-08-31 17:36:30.465911
{"val":[[0,0,0,0,0,0,0,0,0,0,0,0,0,0,0,0,0,0,0,0,0,0,0,0],[0,0,0,0,0,0,0,0,0,0,0,0,0,0,0,0,0,0,0,0,0,0,0,0]],"help":[""],"reportname":["realtime_dupclick"],"name":["今日","昨日"],"column":["小时"],"key":["0","1","2","3","4","5","6","7","8","9","10","11","12","13","14","15","16","17","18","19","20","21","22","23"],"desc":["实时>>实时点击量"]}
[End] @ 2017-08-31 17:36:31.180582
]]></system-out></testcase><testcase classname="xcpy.reportApi.report_cases.Test_Report" name="test_012_retention_install_dau_byweekk" time="0.618"><system-out><![CDATA[[Start] @ 2017-08-31 17:36:31.181627
{"val":[[4,1,1,1,6,4,1],[0,0,0,0,0,4,0],[0,0,0,0,0,0,0],[0,0,0,0,0,0,0],[0,0,0,0,0,0,0],[0,0,0,0,0,0,0],[0,0,0,0,0,0,0],[0,0,0,0,0,0,0],[0,0,0,0,0,0,0]],"help":[""],"reportname":["retention_install_dau_byweek"],"name":["日期","初始人数","1周后","2周后","3周后","4周后","5周后","6周后","7周后","8周后"],"column":[""],"key":["2017-07-03","2017-08-28","2017-07-10","2017-07-24","2017-08-14","2017-08-21","2017-08-07"],"desc":["新增活跃日留存"]}
[End] @ 2017-08-31 17:36:31.799052
]]></system-out></testcase><testcase classname="xcpy.reportApi.report_cases.Test_Report" name="test_013_realtime_install" time="0.547"><system-out><![CDATA[[Start] @ 2017-08-31 17:36:31.800063
{"val":[[0,0,0,0,0,0,0,0,0,0,0,1,0,0,0,0,0,0,0,0,0,0,0,0],[0,0,0,0,0,0,0,0,0,0,0,0,0,0,0,0,0,0,0,0,0,0,0,0]],"help":[""],"reportname":["realtime_install"],"name":["今日","昨日"],"column":["小时"],"key":["0","1","2","3","4","5","6","7","8","9","10","11","12","13","14","15","16","17","18","19","20","21","22","23"],"desc":["实时>>实时点击量"]}
[End] @ 2017-08-31 17:36:32.346517
]]></system-out></testcase><testcase classname="xcpy.reportApi.report_cases.Test_Report" name="test_014_decision_payment_level_byds" time="0.231"><system-out><![CDATA[[Start] @ 2017-08-31 17:36:32.347474
{"val":[[0,0,0,0,0,0,0,0,0,0,0,0,0,0,0,0,0,0,0,0,0,0,0,0,0,0,0,0,0,0,0,0,0,0,0,0,0,0,0,0,0,0,0,0,0,0,0,0,0,0,0,0,0,0,0,0,0,0,0],[0,0,4,0,0,0,0,0,0,0,0,1,0,0,0,0,0,0,0,0,0,0,0,0,0,0,0,1,0,0,0,0,0,0,0,0,0,0,0,0,0,0,0,0,0,3,0,0,0,0,0,0,0,1,1,1,0,0,1],[0,0,0,0,0,0,0,0,0,0,0,0,0,0,0,0,0,0,0,0,0,0,0,0,0,0,0,0,0,0,0,0,0,0,0,0,0,0,0,0,0,0,0,0,0,0,0,0,0,0,0,0,0,0,0,0,0,0,0]],"help":[""],"reportname":["decision_payment_level_byds"],"name":["198元以上","198元以下","6元以下"],"column":[""],"key":["2017-07-01","2017-07-02","2017-07-03","2017-07-04","2017-07-05","2017-07-06","2017-07-07","2017-07-08","2017-07-09","2017-07-10","2017-07-11","2017-07-12","2017-07-13","2017-07-14","2017-07-15","2017-07-16","2017-07-17","2017-07-18","2017-07-19","2017-07-20","2017-07-21","2017-07-22","2017-07-23","2017-07-24","2017-07-25","2017-07-26","2017-07-27","2017-07-28","2017-07-29","2017-07-30","2017-07-31","2017-08-01","2017-08-02","2017-08-03","2017-08-04","2017-08-05","2017-08-06","2017-08-07","2017-08-08","2017-08-09","2017-08-10","2017-08-11","2017-08-12","2017-08-13","2017-08-14","2017-08-15","2017-08-16","2017-08-17","2017-08-18","2017-08-19","2017-08-20","2017-08-21","2017-08-22","2017-08-23","2017-08-24","2017-08-25","2017-08-26","2017-08-27","2017-08-28"],"desc":["决策支持>>付费洞察>>新用户已付费情况"]}
[End] @ 2017-08-31 17:36:32.577766
]]></system-out></testcase><testcase classname="xcpy.reportApi.report_cases.Test_Report" name="test_015_rate_install_byds" time="0.089"><system-out><![CDATA[[Start] @ 2017-08-31 17:36:32.578946
{"val":[[0,0,9,0,0,0,0,0,0,0,0,1,13,0,0,0,0,0,0,0,0,0,0,0,0,0,0,5,0,0,2,0,0,0,0,0,0,3,0,0,0,0,0,0,3,9,4,0,0,0,0,7,13,3,2,1,0,0,1],[0,0,1,0,0,0,0,0,0,0,0,0,4,4,0,0,3,0,0,0,0,0,0,0,0,0,0,0,0,0,0,0,0,0,0,0,0,1,0,0,0,0,0,0,0,0,0,0,0,0,0,0,0,0,0,0,0,0,0],[0.0,0.0,0.98,0.0,0.0,0.0,0.0,0.0,0.0,0.0,0.0,0.00,0.00,0.00,0.0,0.0,53.85,0.0,0.0,0.0,0.0,0.0,0.0,0.0,0.0,0.0,0.0,0.00,0.0,0.0,0.00,0.0,0.0,0.0,0.0,0.0,0.0,23.08,0.0,0.0,0.0,0.0,0.0,0.0,12.46,12.46,12.46,0.0,0.0,0.0,0.0,41.67,41.67,41.67,41.67,41.67,0.0,0.0,0.00]],"help":["sql有待优化"],"reportname":["rate_install_byds"],"name":["激活率","行业中位数"],"column":["日期"],"israte":["true"],"key":["2017-07-01","2017-07-02","2017-07-03","2017-07-04","2017-07-05","2017-07-06","2017-07-07","2017-07-08","2017-07-09","2017-07-10","2017-07-11","2017-07-12","2017-07-13","2017-07-14","2017-07-15","2017-07-16","2017-07-17","2017-07-18","2017-07-19","2017-07-20","2017-07-21","2017-07-22","2017-07-23","2017-07-24","2017-07-25","2017-07-26","2017-07-27","2017-07-28","2017-07-29","2017-07-30","2017-07-31","2017-08-01","2017-08-02","2017-08-03","2017-08-04","2017-08-05","2017-08-06","2017-08-07","2017-08-08","2017-08-09","2017-08-10","2017-08-11","2017-08-12","2017-08-13","2017-08-14","2017-08-15","2017-08-16","2017-08-17","2017-08-18","2017-08-19","2017-08-20","2017-08-21","2017-08-22","2017-08-23","2017-08-24","2017-08-25","2017-08-26","2017-08-27","2017-08-28"],"dealtype":["avg"],"desc":["仪表盘>>激活率趋势（按天）"]}
[End] @ 2017-08-31 17:36:32.667460
]]></system-out></testcase><testcase classname="xcpy.reportApi.report_cases.Test_Report" name="test_016_rate_install_byhour" time="0.253"><system-out><![CDATA[[Start] @ 2017-08-31 17:36:32.668418
{"val":[[0,0,0,0,0,0,0,0,0,0,0,1,0,0,0,0,0,0,0,0,0,0,0,0],[0,0,0,0,0,0,0,0,0,0,0,0,0,0,0,0,0,0,0,0,0,0,0,0],[0.0,0.0,0.0,0.0,0.0,0.0,0.0,0.0,0.0,0.0,0.0,0.00,0.0,0.0,0.0,0.0,0.0,0.0,0.0,0.0,0.0,0.0,0.0,0.0]],"help":["sql有待优化"],"reportname":["rate_install_byhour"],"name":["激活率","行业中位数"],"column":["小时"],"israte":["true"],"key":["0","1","2","3","4","5","6","7","8","9","10","11","12","13","14","15","16","17","18","19","20","21","22","23"],"dealtype":["avg"],"desc":["仪表盘>>激活率趋势（按小时）"]}
[End] @ 2017-08-31 17:36:32.920597
]]></system-out></testcase><testcase classname="xcpy.reportApi.report_cases.Test_Report" name="test_017_device_bymodel" time="0.409"><system-out><![CDATA[[Start] @ 2017-08-31 17:36:32.921528
{"val":[[],[],[]],"help":[""],"reportname":["device_bymodel"],"name":["激活设备","活跃设备","启动次数"],"column":["设备型号"],"key":[],"desc":["决策支持>>设备分析>>型号列表"]}
[End] @ 2017-08-31 17:36:33.330140
]]></system-out></testcase><testcase classname="xcpy.reportApi.report_cases.Test_Report" name="test_018_device_byos" time="0.616"><system-out><![CDATA[[Start] @ 2017-08-31 17:36:33.331055
{"val":[[],[],[]],"help":[""],"reportname":["device_byos"],"name":["激活设备","活跃设备","启动次数"],"column":["系统版本"],"key":[],"desc":["决策支持>>设备分析>>系统列表"]}
[End] @ 2017-08-31 17:36:33.947010
]]></system-out></testcase><testcase classname="xcpy.reportApi.report_cases.Test_Report" name="test_019_bd_bykwid" time="0.311"><system-out><![CDATA[[Start] @ 2017-08-31 17:36:33.947982
{"val":[[],[],[],[],[],[],[],[],[],[]],"help":[""],"reportname":["bd_bykwid"],"name":["点击总数","有效点击总数","子活动排重点击数","排重激活设备数","激活率","排重注册设备数","新增付费金额","新增付费设备数"],"column":["关键字"],"key":[],"desc":["来源分析>>推广活动详情>>百度关键词"]}
[End] @ 2017-08-31 17:36:34.258191
]]></system-out></testcase><testcase classname="xcpy.reportApi.report_cases.Test_Report" name="test_020_income_byhour" time="0.180"><system-out><![CDATA[[Start] @ 2017-08-31 17:36:34.259106
{"val":[[0.0,0.0,0.0,0.0,0.0,0.0,0.0,0.0,0.0,0.0,0.0,0.00,0.0,0.0,0.0,0.0,0.0,0.0,0.0,0.0,0.0,0.0,0.0,0.0],[0.0,0.0,0.0,0.0,0.0,0.0,0.0,0.0,0.0,0.0,0.0,20000.00,0.0,0.0,0.0,0.0,0.0,0.0,0.0,0.0,0.0,0.0,0.0,0.0]],"help":[""],"reportname":["income_byhour"],"name":["推广量","自然量"],"column":["小时"],"key":["0","1","2","3","4","5","6","7","8","9","10","11","12","13","14","15","16","17","18","19","20","21","22","23"],"dealtype":["sum"],"desc":["仪表盘>>收入趋势（按小时）"]}
[End] @ 2017-08-31 17:36:34.438843
]]></system-out></testcase><testcase classname="xcpy.reportApi.report_cases.Test_Report" name="test_021_device_bycarrier" time="0.029"><system-out><![CDATA[[Start] @ 2017-08-31 17:36:34.439789
{"val":[[],[],[]],"help":[""],"reportname":["device_bycarrier"],"name":["激活设备","活跃设备","启动次数"],"column":["运营商"],"key":[],"desc":["决策支持>>设备分析>>运营商列表"]}
[End] @ 2017-08-31 17:36:34.468387
]]></system-out></testcase><testcase classname="xcpy.reportApi.report_cases.Test_Report" name="test_022_rate_retentiond1_byds" time="0.197"><system-out><![CDATA[[Start] @ 2017-08-31 17:36:34.469392
{"val":[[0,0,0,0,0,0,0,0,0,0,0,0,0,0,0,0,0,0,0,0,0,0,0,0,0,0,0,0,0,0,0,0,0,0,0,0,0,0,0,0,0,0,0,0,0,0,0,0,0,0,0,0,0,0,0,0,0,0,0],[0,0,3,0,0,0,0,0,0,0,0,0,1,0,0,0,0,0,0,0,0,0,0,0,0,0,0,0,0,0,0,0,0,0,0,0,0,0,0,0,0,0,0,0,0,0,0,0,0,0,0,0,0,0,0,0,0,0,0],[0,0,0,0,0,0,0,0,0,0,0,0,0,0,0,0,0,0,0,0,0,0,0,0,0,0,0,0,0,0,0,0,0,0,0,0,0,0,0,0,0,0,0,0,0,0,0,0,0,0,0,0,0,0,0,0,0,0,0],[0,0,6,0,0,0,0,0,0,0,0,1,12,0,0,0,0,0,0,0,0,0,0,0,0,0,0,5,0,0,2,0,0,0,0,0,0,3,0,0,0,0,0,0,3,9,4,0,0,0,0,7,13,3,2,1,0,0,1],[0.0,0.0,23.43,0.0,0.0,0.0,0.0,0.0,0.0,0.0,0.0,20.43,20.43,20.43,0.0,0.0,14.01,0.0,0.0,0.0,0.0,0.0,0.0,0.0,0.0,0.0,0.0,16.20,0.0,0.0,9.09,0.0,0.0,0.0,0.0,0.0,0.0,18.59,0.0,0.0,0.0,0.0,0.0,0.0,16.41,16.41,16.41,0.0,0.0,0.0,0.0,9.92,9.92,9.92,9.92,9.92,0.0,0.0,5.22]],"help":["sql有待优化"],"reportname":["rate_retentiond1_byds"],"name":["推广量","自然量","行业中位数"],"column":["日期"],"israte":["true"],"key":["2017-07-01","2017-07-02","2017-07-03","2017-07-04","2017-07-05","2017-07-06","2017-07-07","2017-07-08","2017-07-09","2017-07-10","2017-07-11","2017-07-12","2017-07-13","2017-07-14","2017-07-15","2017-07-16","2017-07-17","2017-07-18","2017-07-19","2017-07-20","2017-07-21","2017-07-22","2017-07-23","2017-07-24","2017-07-25","2017-07-26","2017-07-27","2017-07-28","2017-07-29","2017-07-30","2017-07-31","2017-08-01","2017-08-02","2017-08-03","2017-08-04","2017-08-05","2017-08-06","2017-08-07","2017-08-08","2017-08-09","2017-08-10","2017-08-11","2017-08-12","2017-08-13","2017-08-14","2017-08-15","2017-08-16","2017-08-17","2017-08-18","2017-08-19","2017-08-20","2017-08-21","2017-08-22","2017-08-23","2017-08-24","2017-08-25","2017-08-26","2017-08-27","2017-08-28"],"dealtype":["avg"],"desc":["仪表盘>>次日留存趋势（按天）"]}
[End] @ 2017-08-31 17:36:34.665505
]]></system-out></testcase><testcase classname="xcpy.reportApi.report_cases.Test_Report" name="test_023_retention_dau_dau_bymonth" time="0.303"><system-out><![CDATA[[Start] @ 2017-08-31 17:36:34.666448
{"val":[[10,5],[0,1],[0,0],[0,0]],"help":[""],"reportname":["retention_dau_dau_bymonth"],"name":["日期","初始人数","1月后","2月后","3月后"],"column":[""],"key":["2017-08-01","2017-07-01"],"desc":["活跃活跃月留存"]}
[End] @ 2017-08-31 17:36:34.969028
]]></system-out></testcase><testcase classname="xcpy.reportApi.report_cases.Test_Report" name="test_024_decision_payment_rmb_byds" time="0.099"><system-out><![CDATA[[Start] @ 2017-08-31 17:36:34.969941
{"val":[[0,0,0,0,0,0,0,0,0,0,0,1,0,0,0,0,0,0,0,0,0,0,0,0,0,0,0,1,0,0,0,0,0,0,0,0,0,0,0,0,0,0,0,0,0,3,0,0,0,0,0,0,0,1,1,1,0,0,1],[0,0,4,0,0,0,0,0,0,0,0,0,0,0,0,0,0,0,0,0,0,0,0,0,0,0,0,0,0,0,0,0,0,0,0,0,0,0,0,0,0,0,0,0,0,0,0,0,0,0,0,0,0,0,0,0,0,0,0],[0,0,0,0,0,0,0,0,0,0,0,0,0,0,0,0,0,0,0,0,0,0,0,0,0,0,0,0,0,0,0,0,0,0,0,0,0,0,0,0,0,0,0,0,0,0,0,0,0,0,0,0,0,0,0,0,0,0,0]],"help":[""],"reportname":["decision_payment_rmb_byds"],"name":["大R","中R","小R"],"column":[""],"key":["2017-07-01","2017-07-02","2017-07-03","2017-07-04","2017-07-05","2017-07-06","2017-07-07","2017-07-08","2017-07-09","2017-07-10","2017-07-11","2017-07-12","2017-07-13","2017-07-14","2017-07-15","2017-07-16","2017-07-17","2017-07-18","2017-07-19","2017-07-20","2017-07-21","2017-07-22","2017-07-23","2017-07-24","2017-07-25","2017-07-26","2017-07-27","2017-07-28","2017-07-29","2017-07-30","2017-07-31","2017-08-01","2017-08-02","2017-08-03","2017-08-04","2017-08-05","2017-08-06","2017-08-07","2017-08-08","2017-08-09","2017-08-10","2017-08-11","2017-08-12","2017-08-13","2017-08-14","2017-08-15","2017-08-16","2017-08-17","2017-08-18","2017-08-19","2017-08-20","2017-08-21","2017-08-22","2017-08-23","2017-08-24","2017-08-25","2017-08-26","2017-08-27","2017-08-28"],"desc":["决策支持>>付费洞察>>新用户付费分布"]}
[End] @ 2017-08-31 17:36:35.068869
]]></system-out></testcase><testcase classname="xcpy.reportApi.report_cases.Test_Report" name="test_025_campaigninfo_h5_bycampaign" time="0.309"><system-out><![CDATA[[Start] @ 2017-08-31 17:36:35.069877
{"val":[[],[],[],[],[],[],[],[],[],[],[],[],[],[]],"help":[""],"reportname":["campaigninfo_h5_bycampaign"],"name":["点击总数","排重点击IP数","注册总数","注册率","登陆总数","PV","UV","页面加载完成数","页面加载完成UV","下载总数","订单总数","付费总金额","付费总人数","新增独立访客"],"column":["推广活动"],"key":[],"desc":["来源分析>>推广活动详情>>推广活动>>H5监测数据"]}
[End] @ 2017-08-31 17:36:35.378750
]]></system-out></testcase><testcase classname="xcpy.reportApi.report_cases.Test_Report" name="test_026_sdk_debug_device_count" time="0.514"><error type="xcpy.reportApi.tools.localException.ResponseIsNullException" message='&#10;-------------------- &gt;&gt; begin captured logging &lt;&lt; --------------------&#10;urllib3.connectionpool: DEBUG: Starting new HTTP connection (1): ec2-54-223-136-157.cn-north-1.compute.amazonaws.com.cn&#10;urllib3.connectionpool: DEBUG: http://ec2-54-223-136-157.cn-north-1.compute.amazonaws.com.cn:8089 "POST /api/trackingio/sdk_debug_device_count/0c88f597eba1f531d7318eb7c092c69f HTTP/1.1" 500 None&#10;--------------------- &gt;&gt; end captured logging &lt;&lt; ---------------------'><![CDATA[  File "/usr/lib/python2.7/unittest/case.py", line 329, in run
    testMethod()
  File "/home/xuchu/.local/lib/python2.7/site-packages/nose/case.py", line 197, in runTest
    self.test(*self.arg)
  File "/home/xuchu/xcpy/reportApi/report_cases.py", line 238, in test_026_sdk_debug_device_count
    self.checkReportName(reportname, res)
  File "/home/xuchu/xcpy/reportApi/report_cases.py", line 50, in checkReportName
    raise ResponseIsNullException(self.ra.appid)
'\n-------------------- >> begin captured logging << --------------------\nurllib3.connectionpool: DEBUG: Starting new HTTP connection (1): ec2-54-223-136-157.cn-north-1.compute.amazonaws.com.cn\nurllib3.connectionpool: DEBUG: http://ec2-54-223-136-157.cn-north-1.compute.amazonaws.com.cn:8089 "POST /api/trackingio/sdk_debug_device_count/0c88f597eba1f531d7318eb7c092c69f HTTP/1.1" 500 None\n--------------------- >> end captured logging << ---------------------']]></error><system-out><![CDATA[[Start] @ 2017-08-31 17:36:35.379864
<html><head><title>Apache Tomcat/6.0.44 - Error report</title><style><!--H1 {font-family:Tahoma,Arial,sans-serif;color:white;background-color:#525D76;font-size:22px;} H2 {font-family:Tahoma,Arial,sans-serif;color:white;background-color:#525D76;font-size:16px;} H3 {font-family:Tahoma,Arial,sans-serif;color:white;background-color:#525D76;font-size:14px;} BODY {font-family:Tahoma,Arial,sans-serif;color:black;background-color:white;} B {font-family:Tahoma,Arial,sans-serif;color:white;background-color:#525D76;} P {font-family:Tahoma,Arial,sans-serif;background:white;color:black;font-size:12px;}A {color : black;}A.name {color : black;}HR {color : #525D76;}--></style> </head><body><h1>HTTP Status 500 - Request processing failed; nested exception is java.lang.StringIndexOutOfBoundsException: String index out of range: -1</h1><HR size="1" noshade="noshade"><p><b>type</b> Exception report</p><p><b>message</b> <u>Request processing failed; nested exception is java.lang.StringIndexOutOfBoundsException: String index out of range: -1</u></p><p><b>description</b> <u>The server encountered an internal error that prevented it from fulfilling this request.</u></p><p><b>exception</b> <pre>org.springframework.web.util.NestedServletException: Request processing failed; nested exception is java.lang.StringIndexOutOfBoundsException: String index out of range: -1
	org.springframework.web.servlet.FrameworkServlet.processRequest(FrameworkServlet.java:948)
	org.springframework.web.servlet.FrameworkServlet.doPost(FrameworkServlet.java:838)
	javax.servlet.http.HttpServlet.service(HttpServlet.java:643)
	org.springframework.web.servlet.FrameworkServlet.service(FrameworkServlet.java:812)
	javax.servlet.http.HttpServlet.service(HttpServlet.java:723)
</pre></p><p><b>root cause</b> <pre>java.lang.StringIndexOutOfBoundsException: String index out of range: -1
	java.lang.AbstractStringBuilder.substring(AbstractStringBuilder.java:935)
	java.lang.StringBuffer.substring(StringBuffer.java:480)
	java.lang.StringBuffer.substring(StringBuffer.java:462)
	com.reyun.controller.ReportController.report(ReportController.java:87)
	sun.reflect.GeneratedMethodAccessor26.invoke(Unknown Source)
	sun.reflect.DelegatingMethodAccessorImpl.invoke(DelegatingMethodAccessorImpl.java:43)
	java.lang.reflect.Method.invoke(Method.java:498)
	org.springframework.web.method.support.InvocableHandlerMethod.invoke(InvocableHandlerMethod.java:219)
	org.springframework.web.method.support.InvocableHandlerMethod.invokeForRequest(InvocableHandlerMethod.java:132)
	org.springframework.web.servlet.mvc.method.annotation.ServletInvocableHandlerMethod.invokeAndHandle(ServletInvocableHandlerMethod.java:104)
	org.springframework.web.servlet.mvc.method.annotation.RequestMappingHandlerAdapter.invokeHandleMethod(RequestMappingHandlerAdapter.java:745)
	org.springframework.web.servlet.mvc.method.annotation.RequestMappingHandlerAdapter.handleInternal(RequestMappingHandlerAdapter.java:686)
	org.springframework.web.servlet.mvc.method.AbstractHandlerMethodAdapter.handle(AbstractHandlerMethodAdapter.java:80)
	org.springframework.web.servlet.DispatcherServlet.doDispatch(DispatcherServlet.java:925)
	org.springframework.web.servlet.DispatcherServlet.doService(DispatcherServlet.java:856)
	org.springframework.web.servlet.FrameworkServlet.processRequest(FrameworkServlet.java:936)
	org.springframework.web.servlet.FrameworkServlet.doPost(FrameworkServlet.java:838)
	javax.servlet.http.HttpServlet.service(HttpServlet.java:643)
	org.springframework.web.servlet.FrameworkServlet.service(FrameworkServlet.java:812)
	javax.servlet.http.HttpServlet.service(HttpServlet.java:723)
</pre></p><p><b>note</b> <u>The full stack trace of the root cause is available in the Apache Tomcat/6.0.44 logs.</u></p><HR size="1" noshade="noshade"><h3>Apache Tomcat/6.0.44</h3></body></html>
[异常]:返回值为空Json
[appid]0c88f597eba1f531d7318eb7c092c69f
]]></system-out></testcase></testsuite>